
ADMINISTRATOR	Tue Aug 21 15:19:27 2018
	ib_util init failed, UDFs can't be used - looks like firebird misconfigured
	
	C:\Program Files (x86)\HOANNGOC\SHOP\v5.0\bin/ib_util.dll library has not been found
	C:\Program Files (x86)\HOANNGOC\SHOP\v5.0\ib_util.dll library has not been found
	ib_util.dll library has not been found


ADMINISTRATOR	Tue Aug 21 15:24:54 2018
	ib_util init failed, UDFs can't be used - looks like firebird misconfigured
	
	C:\Program Files (x86)\HOANNGOC\SHOP\v5.0\bin/ib_util.dll library has not been found
	C:\Program Files (x86)\HOANNGOC\SHOP\v5.0\ib_util.dll library has not been found
	ib_util.dll library has not been found


ADMINISTRATOR	Tue Aug 21 15:24:58 2018
	ib_util init failed, UDFs can't be used - looks like firebird misconfigured
	
	C:\Program Files (x86)\HOANNGOC\SHOP\v5.0\bin/ib_util.dll library has not been found
	C:\Program Files (x86)\HOANNGOC\SHOP\v5.0\ib_util.dll library has not been found
	ib_util.dll library has not been found


ADMINISTRATOR	Tue Aug 21 17:06:09 2018
	ib_util init failed, UDFs can't be used - looks like firebird misconfigured
	
	C:\Program Files (x86)\HOANNGOC\SHOP\v5.0\bin/ib_util.dll library has not been found
	C:\Program Files (x86)\HOANNGOC\SHOP\v5.0\ib_util.dll library has not been found
	ib_util.dll library has not been found


ADMINISTRATOR	Wed Aug 22 10:42:08 2018
	ib_util init failed, UDFs can't be used - looks like firebird misconfigured
	
	C:\Program Files (x86)\HOANNGOC\SHOP\v5.0\bin/ib_util.dll library has not been found
	C:\Program Files (x86)\HOANNGOC\SHOP\v5.0\ib_util.dll library has not been found
	ib_util.dll library has not been found


ADMINISTRATOR	Wed Aug 22 16:57:04 2018
	ib_util init failed, UDFs can't be used - looks like firebird misconfigured
	
	C:\Program Files (x86)\HOANNGOC\SHOP\v5.0\bin/ib_util.dll library has not been found
	C:\Program Files (x86)\HOANNGOC\SHOP\v5.0\ib_util.dll library has not been found
	ib_util.dll library has not been found


ADMINISTRATOR	Thu Aug 23 12:18:35 2018
	ib_util init failed, UDFs can't be used - looks like firebird misconfigured
	
	C:\Program Files (x86)\HOANNGOC\SHOP\v5.0\bin/ib_util.dll library has not been found
	C:\Program Files (x86)\HOANNGOC\SHOP\v5.0\ib_util.dll library has not been found
	ib_util.dll library has not been found


ADMINISTRATOR	Sat Sep 08 11:52:28 2018
	ib_util init failed, UDFs can't be used - looks like firebird misconfigured
	
	C:\Program Files (x86)\HOANNGOC\SHOP\v5.0\bin/ib_util.dll library has not been found
	C:\Program Files (x86)\HOANNGOC\SHOP\v5.0\ib_util.dll library has not been found
	ib_util.dll library has not been found


ADMINISTRATOR	Mon Sep 17 13:35:51 2018
	ib_util init failed, UDFs can't be used - looks like firebird misconfigured
	
	C:\Program Files (x86)\HOANNGOC\SHOP\v5.0\bin/ib_util.dll library has not been found
	C:\Program Files (x86)\HOANNGOC\SHOP\v5.0\ib_util.dll library has not been found
	ib_util.dll library has not been found


ADMINISTRATOR	Mon Sep 17 13:35:58 2018
	ib_util init failed, UDFs can't be used - looks like firebird misconfigured
	
	C:\Program Files (x86)\HOANNGOC\SHOP\v5.0\bin/ib_util.dll library has not been found
	C:\Program Files (x86)\HOANNGOC\SHOP\v5.0\ib_util.dll library has not been found
	ib_util.dll library has not been found


ADMINISTRATOR	Mon Sep 17 13:36:38 2018
	ib_util init failed, UDFs can't be used - looks like firebird misconfigured
	
	C:\Program Files (x86)\HOANNGOC\SHOP\v5.0\bin/ib_util.dll library has not been found
	C:\Program Files (x86)\HOANNGOC\SHOP\v5.0\ib_util.dll library has not been found
	ib_util.dll library has not been found


ADMINISTRATOR	Mon Sep 17 13:36:46 2018
	ib_util init failed, UDFs can't be used - looks like firebird misconfigured
	
	C:\Program Files (x86)\HOANNGOC\SHOP\v5.0\bin/ib_util.dll library has not been found
	C:\Program Files (x86)\HOANNGOC\SHOP\v5.0\ib_util.dll library has not been found
	ib_util.dll library has not been found


ADMINISTRATOR	Mon Sep 17 13:38:59 2018
	ib_util init failed, UDFs can't be used - looks like firebird misconfigured
	
	C:\Program Files (x86)\HOANNGOC\SHOP\v5.0\bin/ib_util.dll library has not been found
	C:\Program Files (x86)\HOANNGOC\SHOP\v5.0\ib_util.dll library has not been found
	ib_util.dll library has not been found


ADMINISTRATOR	Mon Sep 17 13:45:23 2018
	ib_util init failed, UDFs can't be used - looks like firebird misconfigured
	
	C:\Program Files (x86)\HOANNGOC\SHOP\v5.0\bin/ib_util.dll library has not been found
	C:\Program Files (x86)\HOANNGOC\SHOP\v5.0\ib_util.dll library has not been found
	ib_util.dll library has not been found


ADMINISTRATOR	Mon Sep 17 13:46:40 2018
	ib_util init failed, UDFs can't be used - looks like firebird misconfigured
	
	C:\Program Files (x86)\HOANNGOC\SHOP\v5.0\bin/ib_util.dll library has not been found
	C:\Program Files (x86)\HOANNGOC\SHOP\v5.0\ib_util.dll library has not been found
	ib_util.dll library has not been found


ADMINISTRATOR	Mon Sep 17 14:08:15 2018
	ib_util init failed, UDFs can't be used - looks like firebird misconfigured
	
	C:\Program Files (x86)\HOANNGOC\SHOP\v5.0\bin/ib_util.dll library has not been found
	C:\Program Files (x86)\HOANNGOC\SHOP\v5.0\ib_util.dll library has not been found
	ib_util.dll library has not been found


ADMINISTRATOR	Mon Oct 08 11:06:55 2018
	ib_util init failed, UDFs can't be used - looks like firebird misconfigured
	
	C:\Program Files (x86)\HOANNGOC\SHOP\v5.0\bin/ib_util.dll library has not been found
	C:\Program Files (x86)\HOANNGOC\SHOP\v5.0\ib_util.dll library has not been found
	ib_util.dll library has not been found


ADMINISTRATOR	Mon Oct 08 11:09:39 2018
	ib_util init failed, UDFs can't be used - looks like firebird misconfigured
	
	C:\Program Files (x86)\HOANNGOC\SHOP\v5.0\bin/ib_util.dll library has not been found
	C:\Program Files (x86)\HOANNGOC\SHOP\v5.0\ib_util.dll library has not been found
	ib_util.dll library has not been found


ADMINISTRATOR	Tue Oct 23 13:40:13 2018
	ib_util init failed, UDFs can't be used - looks like firebird misconfigured
	
	C:\Program Files (x86)\HOANNGOC\SHOP\v5.0\bin/ib_util.dll library has not been found
	C:\Program Files (x86)\HOANNGOC\SHOP\v5.0\ib_util.dll library has not been found
	ib_util.dll library has not been found


ADMINISTRATOR	Tue Oct 23 13:40:58 2018
	ib_util init failed, UDFs can't be used - looks like firebird misconfigured
	
	C:\Program Files (x86)\HOANNGOC\SHOP\v5.0\bin/ib_util.dll library has not been found
	C:\Program Files (x86)\HOANNGOC\SHOP\v5.0\ib_util.dll library has not been found
	ib_util.dll library has not been found


ADMINISTRATOR	Tue Oct 23 13:41:10 2018
	ib_util init failed, UDFs can't be used - looks like firebird misconfigured
	
	C:\Program Files (x86)\HOANNGOC\SHOP\v5.0\bin/ib_util.dll library has not been found
	C:\Program Files (x86)\HOANNGOC\SHOP\v5.0\ib_util.dll library has not been found
	ib_util.dll library has not been found


ADMINISTRATOR	Tue Oct 23 13:41:52 2018
	ib_util init failed, UDFs can't be used - looks like firebird misconfigured
	
	C:\Program Files (x86)\HOANNGOC\SHOP\v5.0\bin/ib_util.dll library has not been found
	C:\Program Files (x86)\HOANNGOC\SHOP\v5.0\ib_util.dll library has not been found
	ib_util.dll library has not been found


VANLAPTOP	Mon Nov 18 12:13:17 2024
	ib_util init failed, UDFs can't be used - looks like firebird misconfigured
	
	C:\Users\anh10\OneDrive\Documents\GitHub\CrackTechPos\bin/ib_util.dll library has not been found
	C:\Users\anh10\OneDrive\Documents\GitHub\CrackTechPos\ib_util.dll library has not been found
	ib_util.dll library has not been found


VANLAPTOP	Mon Nov 18 12:14:49 2024
	ib_util init failed, UDFs can't be used - looks like firebird misconfigured
	
	C:\Users\anh10\OneDrive\Documents\GitHub\CrackTechPos\bin/ib_util.dll library has not been found
	C:\Users\anh10\OneDrive\Documents\GitHub\CrackTechPos\ib_util.dll library has not been found
	ib_util.dll library has not been found

